\BOOKMARK [0][-]{chapter.0}{Opening Bid}{}% 1
\BOOKMARK [0][-]{chapter.1}{1OliveGreen Sequences}{}% 2
\BOOKMARK [1][-]{section.1.1}{1OliveGreen-1orange Sequences}{chapter.1}% 3
\BOOKMARK [2][-]{subsection.1.1.1}{1OliveGreen-1orange; 1red Sequences}{section.1.1}% 4
\BOOKMARK [2][-]{subsection.1.1.2}{1OliveGreen-1orange; 1blue Sequences}{section.1.1}% 5
\BOOKMARK [1][-]{section.1.2}{1OliveGreen-1red Sequences}{chapter.1}% 6
\BOOKMARK [2][-]{subsection.1.2.1}{1OliveGreen-1red; 1blue Sequences}{section.1.2}% 7
\BOOKMARK [1][-]{section.1.3}{1OliveGreen-1blue Sequences}{chapter.1}% 8
\BOOKMARK [2][-]{subsection.1.3.1}{1OliveGreen-1blue; 1NT Sequences}{section.1.3}% 9
\BOOKMARK [2][-]{subsection.1.3.2}{1OliveGreen-1blue; 2X Sequences}{section.1.3}% 10
\BOOKMARK [1][-]{section.1.4}{1OliveGreen-1NT Sequences}{chapter.1}% 11
\BOOKMARK [1][-]{section.1.5}{1OliveGreen-1NT/2OliveGreen/2orange/2red Sequences}{chapter.1}% 12
\BOOKMARK [1][-]{section.1.6}{1OliveGreen-2blue Sequences}{chapter.1}% 13
\BOOKMARK [1][-]{section.1.7}{1OliveGreen-2NT/3OliveGreen/3orange/3red Sequences}{chapter.1}% 14
\BOOKMARK [1][-]{section.1.8}{Competitive Bidding}{chapter.1}% 15
\BOOKMARK [0][-]{chapter.2}{1orange Sequences}{}% 16
\BOOKMARK [1][-]{section.2.1}{1orange-1red Sequences}{chapter.2}% 17
\BOOKMARK [2][-]{subsection.2.1.1}{1orange-1red; 1blue Sequences}{section.2.1}% 18
\BOOKMARK [2][-]{subsection.2.1.2}{1orange-1red; 1NT Sequences}{section.2.1}% 19
\BOOKMARK [2][-]{subsection.2.1.3}{1orange-1red; 2OliveGreen Sequences}{section.2.1}% 20
\BOOKMARK [2][-]{subsection.2.1.4}{1orange-1red; 2orange Sequences}{section.2.1}% 21
\BOOKMARK [2][-]{subsection.2.1.5}{1orange-1red; 2red Sequences}{section.2.1}% 22
\BOOKMARK [1][-]{section.2.2}{1orange-1blue Sequences}{chapter.2}% 23
\BOOKMARK [2][-]{subsection.2.2.1}{1orange-1blue; 1NT Sequences}{section.2.2}% 24
\BOOKMARK [2][-]{subsection.2.2.2}{1orange-1blue; 2OliveGreen Sequences}{section.2.2}% 25
\BOOKMARK [2][-]{subsection.2.2.3}{1orange-1blue; 2orange Sequences}{section.2.2}% 26
\BOOKMARK [1][-]{section.2.3}{1orange-1NT Sequences}{chapter.2}% 27
\BOOKMARK [1][-]{section.2.4}{1orange-2OliveGreen Sequences}{chapter.2}% 28
\BOOKMARK [1][-]{section.2.5}{1orange-2orange Sequences}{chapter.2}% 29
\BOOKMARK [1][-]{section.2.6}{Competitive Bidding}{chapter.2}% 30
\BOOKMARK [2][-]{subsection.2.6.1}{1orange-\(Dbl\) Sequences}{section.2.6}% 31
\BOOKMARK [2][-]{subsection.2.6.2}{1orange-\(1red\) Sequences}{section.2.6}% 32
\BOOKMARK [2][-]{subsection.2.6.3}{1orange-\(1blue\) Sequences}{section.2.6}% 33
\BOOKMARK [2][-]{subsection.2.6.4}{1orange-\(1NT=natural\) Sequences}{section.2.6}% 34
\BOOKMARK [2][-]{subsection.2.6.5}{1orange-\(2OliveGreen\) Sequences}{section.2.6}% 35
\BOOKMARK [2][-]{subsection.2.6.6}{1orange-\(2orange=majors\) Sequences}{section.2.6}% 36
\BOOKMARK [2][-]{subsection.2.6.7}{1orange-\(2red\) Sequences}{section.2.6}% 37
\BOOKMARK [2][-]{subsection.2.6.8}{1orange-\(2blue\) Sequences}{section.2.6}% 38
\BOOKMARK [2][-]{subsection.2.6.9}{1orange-\(2NT=red+OliveGreen\) Sequences}{section.2.6}% 39
\BOOKMARK [0][-]{chapter.3}{1M Sequences}{}% 40
\BOOKMARK [1][-]{section.3.1}{1red-1blue Sequences}{chapter.3}% 41
\BOOKMARK [2][-]{subsection.3.1.1}{1red-1blue; 1NT Sequences}{section.3.1}% 42
\BOOKMARK [1][-]{section.3.2}{1red-2NT Sequences}{chapter.3}% 43
\BOOKMARK [1][-]{section.3.3}{1blue-2NT Sequences}{chapter.3}% 44
\BOOKMARK [1][-]{section.3.4}{Competitive Bidding}{chapter.3}% 45
\BOOKMARK [2][-]{subsection.3.4.1}{1M-\(Dbl\) Sequences}{section.3.4}% 46
\BOOKMARK [0][-]{chapter.4}{1NT Sequences}{}% 47
\BOOKMARK [1][-]{section.4.1}{1NT-2OliveGreen Sequences}{chapter.4}% 48
\BOOKMARK [2][-]{subsection.4.1.1}{1NT-2OliveGreen; 2orange Sequences}{section.4.1}% 49
\BOOKMARK [2][-]{subsection.4.1.2}{1NT-2OliveGreen; 2red Sequences}{section.4.1}% 50
\BOOKMARK [2][-]{subsection.4.1.3}{1NT-2OliveGreen; 2blue Sequences}{section.4.1}% 51
\BOOKMARK [1][-]{section.4.2}{1NT-2orange; 2red Sequences}{chapter.4}% 52
\BOOKMARK [1][-]{section.4.3}{1NT-2red; 2blue Sequences}{chapter.4}% 53
\BOOKMARK [1][-]{section.4.4}{1NT-2blue Sequences}{chapter.4}% 54
\BOOKMARK [1][-]{section.4.5}{1NT-2NT; 3OliveGreen Sequences}{chapter.4}% 55
\BOOKMARK [1][-]{section.4.6}{Competitive Bidding}{chapter.4}% 56
\BOOKMARK [2][-]{subsection.4.6.1}{1NT-\(Dbl\) Sequences}{section.4.6}% 57
\BOOKMARK [2][-]{subsection.4.6.2}{1NT-\(2OliveGreen\) Sequences}{section.4.6}% 58
\BOOKMARK [2][-]{subsection.4.6.3}{1NT-\(2orange\) Sequences}{section.4.6}% 59
\BOOKMARK [2][-]{subsection.4.6.4}{1NT-\(2red\) Sequences}{section.4.6}% 60
\BOOKMARK [2][-]{subsection.4.6.5}{1NT-\(2blue\) Sequences}{section.4.6}% 61
\BOOKMARK [2][-]{subsection.4.6.6}{1NT-\(2NT\) Sequences}{section.4.6}% 62
\BOOKMARK [2][-]{subsection.4.6.7}{1NT-\(3X\) Sequences}{section.4.6}% 63
\BOOKMARK [2][-]{subsection.4.6.8}{4th Seat Interruption \(Stayman\)}{section.4.6}% 64
\BOOKMARK [2][-]{subsection.4.6.9}{4th Seat Interruption \(Transfer\)}{section.4.6}% 65
\BOOKMARK [0][-]{chapter.5}{2OliveGreen Sequences}{}% 66
\BOOKMARK [1][-]{section.5.1}{2OliveGreen-2orange Sequences}{chapter.5}% 67
\BOOKMARK [2][-]{subsection.5.1.1}{2OliveGreen-2orange; 2red Sequences}{section.5.1}% 68
\BOOKMARK [2][-]{subsection.5.1.2}{2OliveGreen-2orange; 2blue Sequences}{section.5.1}% 69
\BOOKMARK [1][-]{section.5.2}{2OliveGreen-2NT Sequences}{chapter.5}% 70
\BOOKMARK [1][-]{section.5.3}{2OliveGreen-3OliveGreen Sequences}{chapter.5}% 71
\BOOKMARK [1][-]{section.5.4}{Competitive Bidding}{chapter.5}% 72
\BOOKMARK [2][-]{subsection.5.4.1}{2nd Seat Overcall}{section.5.4}% 73
\BOOKMARK [2][-]{subsection.5.4.2}{4th Seat Overcall}{section.5.4}% 74
\BOOKMARK [0][-]{chapter.6}{2orange Sequences \(mini-Roman\)}{}% 75
\BOOKMARK [1][-]{section.6.1}{2orange-2NT Sequences}{chapter.6}% 76
\BOOKMARK [1][-]{section.6.2}{Competitive Bidding}{chapter.6}% 77
