This is pdfTeX, Version 3.1415926-1.40.9 (MiKTeX 2.7) (preloaded format=latex 2009.11.30)  1 DEC 2009 01:40
entering extended mode
**xtab.dtx
(xtab.dtx
LaTeX2e <2005/12/01>
Babel <v3.8l> and hyphenation patterns for english, dumylang, nohyphenation, ge
rman, ngerman, german-x-2009-06-19, ngerman-x-2009-06-19, french, loaded.
("C:\program files\CTEX\MiKTeX\tex\latex\base\ltxdoc.cls"
Document Class: ltxdoc 1999/08/08 v2.0u Standard LaTeX documentation class
("C:\program files\CTEX\MiKTeX\tex\latex\base\article.cls"
Document Class: article 2005/09/16 v1.4f Standard LaTeX document class
("C:\program files\CTEX\MiKTeX\tex\latex\base\size10.clo"
File: size10.clo 2005/09/16 v1.4f Standard LaTeX file (size option)
)
\c@part=\count79
\c@section=\count80
\c@subsection=\count81
\c@subsubsection=\count82
\c@paragraph=\count83
\c@subparagraph=\count84
\c@figure=\count85
\c@table=\count86
\abovecaptionskip=\skip41
\belowcaptionskip=\skip42
\bibindent=\dimen102
)
("C:\program files\CTEX\MiKTeX\tex\latex\base\doc.sty"
Package: doc 2006/02/02 v2.1d Standard LaTeX documentation package (FMi)
\c@StandardModuleDepth=\count87
\guard@level=\count88
\MacrocodeTopsep=\skip43
\MacroIndent=\dimen103
\macro@cnt=\count89
\MacroTopsep=\skip44
\index@excludelist=\toks14

("C:\program files\CTEX\MiKTeX\tex\latex\tools\multicol.sty"
Package: multicol 2006/05/18 v1.6g multicolumn formatting (FMi)
\c@tracingmulticols=\count90
\mult@box=\box26
\multicol@leftmargin=\dimen104
\c@unbalance=\count91
\c@collectmore=\count92
\doublecol@number=\count93
\multicoltolerance=\count94
\multicolpretolerance=\count95
\full@width=\dimen105
\page@free=\dimen106
\premulticols=\dimen107
\postmulticols=\dimen108
\multicolsep=\skip45
\multicolbaselineskip=\skip46
\partial@page=\box27
\last@line=\box28
\mult@rightbox=\box29
\mult@grightbox=\box30
\mult@gfirstbox=\box31
\mult@firstbox=\box32
\@tempa=\box33
\@tempa=\box34
\@tempa=\box35
\@tempa=\box36
\@tempa=\box37
\@tempa=\box38
\@tempa=\box39
\@tempa=\box40
\@tempa=\box41
\@tempa=\box42
\@tempa=\box43
\@tempa=\box44
\@tempa=\box45
\@tempa=\box46
\@tempa=\box47
\@tempa=\box48
\@tempa=\box49
\c@columnbadness=\count96
\c@finalcolumnbadness=\count97
\last@try=\dimen109
\multicolovershoot=\dimen110
\multicolundershoot=\dimen111
\mult@nat@firstbox=\box50
\colbreak@box=\box51
)
\IndexMin=\dimen112
\c@IndexColumns=\count98
\GlossaryMin=\dimen113
\c@GlossaryColumns=\count99
\check@sum=\count100
\bslash@cnt=\count101
\wrong@table=\toks15
\c@CodelineNo=\count102
)) (xtab.sty
Package: xtab 2008/07/26 v2.3c Extended supertabular package
\c@tracingst=\count103
\PWSTcapht=\dimen114
\ST@wd=\dimen115
\ST@rightskip=\skip47
\ST@leftskip=\skip48
\ST@parfillskip=\skip49
\c@PWSTtable=\count104
\PWSTlastpage=\count105
\PWSTpenultimate=\count106
\PWSTcurpage=\count107
\PWSTtempc=\count108
\PWSTlines=\count109
\PWST@lastht=\dimen116
\PWST@generalht=\dimen117
\PWST@ht=\dimen118
\ST@pageleft=\dimen119
\ST@headht=\dimen120
\ST@tailht=\dimen121
\ST@pagesofar=\dimen122
\ST@pboxht=\dimen123
\ST@lineht=\dimen124
\ST@stretchht=\dimen125
\ST@prevht=\dimen126
\ST@toadd=\dimen127
\ST@dimen=\dimen128
\ST@pbox=\box52
)
\@indexfile=\write3

Writing index file xtab.idx
(xtab.aux)
LaTeX Font Info:    Checking defaults for OML/cmm/m/it on input line 29.
LaTeX Font Info:    ... okay on input line 29.
LaTeX Font Info:    Checking defaults for T1/cmr/m/n on input line 29.
LaTeX Font Info:    ... okay on input line 29.
LaTeX Font Info:    Checking defaults for OT1/cmr/m/n on input line 29.
LaTeX Font Info:    ... okay on input line 29.
LaTeX Font Info:    Checking defaults for OMS/cmsy/m/n on input line 29.
LaTeX Font Info:    ... okay on input line 29.
LaTeX Font Info:    Checking defaults for OMX/cmex/m/n on input line 29.
LaTeX Font Info:    ... okay on input line 29.
LaTeX Font Info:    Checking defaults for U/cmr/m/n on input line 29.
LaTeX Font Info:    ... okay on input line 29.
Package doc Info: Made | a short reference for \verb on input line 29.
 (xtab.dtx
LaTeX Font Info:    External font `cmex10' loaded for size
(Font)              <17.28> on input line 100.
LaTeX Font Info:    External font `cmex10' loaded for size
(Font)              <12> on input line 100.
LaTeX Font Info:    External font `cmex10' loaded for size
(Font)              <8> on input line 100.
LaTeX Font Info:    External font `cmex10' loaded for size
(Font)              <6> on input line 100.
LaTeX Font Info:    External font `cmex10' loaded for size
(Font)              <5> on input line 100.
 (xtab.toc)
\tf@toc=\write4
 (xtab.lot)
\tf@lot=\write5


LaTeX Warning: Citation `PRW96i' on page 1 undefined on input line 116.

LaTeX Font Info:    External font `cmex10' loaded for size
(Font)              <7> on input line 117.

LaTeX Warning: Reference `sec:usr' on page 1 undefined on input line 125.


LaTeX Warning: Reference `sec:xtab' on page 1 undefined on input line 127.


LaTeX Warning: Citation `GOOSSENS94' on page 1 undefined on input line 131.

[1

]

LaTeX Warning: Reference `tab:xtab' on page 2 undefined on input line 175.

Package doc Info: Deleted | as a short reference for \verb(*) on input line 176
.
Package doc Info: Made ? a short reference for \verb on input line 177.

Underfull \hbox (badness 10000) in paragraph at lines 194--199
[]\OT1/cmr/m/n/10 This is equiv-a-lent to the nor-mal
 []


Underfull \hbox (badness 10000) in paragraph at lines 194--199
[]\OT1/cmtt/m/n/10 \begin{tabular}{...} \OT1/cmr/m/n/10 en-vi-ron-ment.
 []


Underfull \hbox (badness 2837) in paragraph at lines 194--199
\OT1/cmr/m/n/10 You sup-ply the spec-i-fi-ca-tion of the
 []

[2] [3]
Underfull \hbox (badness 3514) in paragraph at lines 264--268
[]\OT1/cmr/m/n/10 The []\OT1/cmtt/m/n/10 \...caption{} \OT1/cmr/m/n/10 com-mand
(s) re-
 []


Underfull \hbox (badness 1484) in paragraph at lines 288--291
[]\OT1/cmr/m/n/10 The header must be closed like the
 []

[4]
Underfull \hbox (badness 1484) in paragraph at lines 299--302
[]\OT1/cmr/m/n/10 The header must be closed like the
 []


Underfull \hbox (badness 10000) in paragraph at lines 307--311
[]\OT1/cmr/m/n/10 The con-tents of this com-mand
 []


Underfull \hbox (badness 10000) in paragraph at lines 307--311
\OT1/cmr/m/n/10 are in-serted be-fore the (in-ter-nal)
 []


Underfull \hbox (badness 3646) in paragraph at lines 315--318
[]\OT1/cmr/m/n/10 The con-tents of this com-mand are
 []


Underfull \hbox (badness 8000) in paragraph at lines 315--318
\OT1/cmr/m/n/10 in-serted be-fore the fi-nal (in-ter-nal)
 []

Package doc Info: Deleted ? as a short reference for \verb(*) on input line 324
.
Package doc Info: Made | a short reference for \verb on input line 325.

LaTeX Warning: Reference `tab:xtab' on page 5 undefined on input line 332.


Overfull \hbox (4.09583pt too wide) in paragraph at lines 376--376
[] \OT1/cmtt/m/n/9 \tabletail{\hline \multicolumn{2}{|r|}{{Continued on next pa
ge}} \\ \hline}[] 
 []


Overfull \hbox (4.09583pt too wide) in paragraph at lines 376--376
[]                          \OT1/cmtt/m/n/9 just as for the normal \Lenv{tabula
r} environment.[] 
 []


Overfull \hbox (18.27066pt too wide) in paragraph at lines 376--376
[]                          \OT1/cmtt/m/n/9 All commands that can be used withi
n a \Lenv{tabular}[] 
 []

[5]
Overfull \hbox (13.54572pt too wide) in paragraph at lines 376--376
[] \OT1/cmtt/m/n/9 \verb|\tablelasttail{...}| & The contents of this command ar
e inserted before[] 
 []


Overfull \hbox (27.72055pt too wide) in paragraph at lines 376--376
[]                          \OT1/cmtt/m/n/9 the final (internal) \verb|\end{tab
ular}| of the table.[] 
 []


LaTeX Warning: Reference `tab:xtab' on page 6 undefined on input line 380.

[6] [7]
LaTeX Font Info:    External font `cmex10' loaded for size
(Font)              <9> on input line 528.
 [8] [9]
Overfull \hbox (5.31265pt too wide) in paragraph at lines 696--696
 [][]  \OT1/cmtt/m/n/9 \ST@trace\tw@{Added caption. Space left for xtabular: \t
he\ST@pageleft}} 
 []

[10] [11] [12] [13] [14] [15] [16] [17]
Overfull \hbox (5.31265pt too wide) in paragraph at lines 1312--1312
 [][]  \OT1/cmtt/m/n/9 \ST@trace\tw@{Height of empty xtabular on last page = \t
he\PWST@lastht}% 
 []

[18] [19] [20]
Overfull \hbox (28.93738pt too wide) in paragraph at lines 1497--1497
 [][]  \OT1/cmtt/m/n/9 \ST@trace\tw@{Available space after accounting for heade
r: \the\ST@pageleft}% 
 []


Overfull \hbox (19.48749pt too wide) in paragraph at lines 1497--1497
 [][]  \OT1/cmtt/m/n/9 \ST@trace\tw@{Available space after accounting for tail:
 \the\ST@pageleft}} 
 []


Overfull \hbox (0.5877pt too wide) in paragraph at lines 1526--1526
 [][]    \OT1/cmtt/m/n/9 \ST@trace\tw@{Table \the\c@PWSTtable: Processing for t
he first time}% 
 []


Overfull \hbox (14.76254pt too wide) in paragraph at lines 1526--1526
 [][]  \OT1/cmtt/m/n/9 \ST@trace\tw@{Table \the\c@PWSTtable: last page set to \
the\PWSTlastpage}% 
 []

[21]
Overfull \hbox (8.9158pt too wide) in paragraph at lines 1580--1583
\OT1/cmr/m/n/10 Most of the fol-low-ing code is shared be-tween the \OT1/cmtt/m
/n/10 supertabbular \OT1/cmr/m/n/10 and \OT1/cmtt/m/n/10 supertabular*
 []

[22] [23] [24] [25] [26]
Overfull \hbox (0.5877pt too wide) in paragraph at lines 1973--1973
 [][]     \OT1/cmtt/m/n/9 \ST@trace\thr@@{Line counter incremented by one to: \
the\PWSTlines}% 
 []

[27] [28]
Overfull \hbox (28.93738pt too wide) in paragraph at lines 2090--2090
 [][]    \OT1/cmtt/m/n/9 \ST@trace\thr@@{Overflow on last page. Line counter se
t to \the\PWSTlines}% 
 []

[29] [30] [31]
*******************
* Checksum passed *
*******************
No file xtab.ind.
) [32] (xtab.aux)

LaTeX Warning: There were undefined references.


LaTeX Warning: Label(s) may have changed. Rerun to get cross-references right.

 ) 
Here is how much of TeX's memory you used:
 756 strings out of 95305
 8626 string characters out of 1183058
 79259 words of memory out of 1500000
 3992 multiletter control sequences out of 110000
 14165 words of font info for 50 fonts, out of 3000000 for 5000
 14 hyphenation exceptions out of 8191
 30i,9n,22p,224b,674s stack positions out of 5000i,500n,10000p,200000b,50000s

Output written on xtab.dvi (32 pages, 88952 bytes).
